2026-01-16 19:43:56,136 WARNING database DDL Query made to DB:
ALTER TABLE `tabRequisition Request` ADD COLUMN `request_date` date, ADD COLUMN `amount` decimal(21,9) not null default 0, ADD COLUMN `branch` varchar(140), ADD COLUMN `department` varchar(140), ADD COLUMN `priority` varchar(140), ADD COLUMN `status` varchar(140), ADD COLUMN `approval_remarks` text, ADD COLUMN `branch_manager` varchar(140), ADD COLUMN `finance_approver` varchar(140)
2026-01-17 19:11:51,363 WARNING database DDL Query made to DB:
ALTER TABLE `tabRequisition Request` MODIFY `amount` decimal(21,9) not null default 0
2026-01-17 20:03:29,021 WARNING database DDL Query made to DB:
ALTER TABLE `tabRequisition Request` ADD COLUMN `workflow_state` varchar(140)
2026-01-17 20:03:29,106 WARNING database DDL Query made to DB:
ALTER TABLE `tabRequisition Request` MODIFY `amount` decimal(21,9) not null default 0
2026-01-17 20:16:11,792 WARNING database DDL Query made to DB:
ALTER TABLE `tabRequisition Request` MODIFY `amount` decimal(21,9) not null default 0
2026-01-17 20:18:20,799 WARNING database DDL Query made to DB:
ALTER TABLE `tabRequisition Request` MODIFY `amount` decimal(21,9) not null default 0
2026-01-17 20:22:35,237 WARNING database DDL Query made to DB:
ALTER TABLE `tabRequisition Request` MODIFY `amount` decimal(21,9) not null default 0
2026-01-19 13:51:32,334 WARNING database DDL Query made to DB:
ALTER TABLE `tabRequisition Request` MODIFY `amount` decimal(21,9) not null default 0
2026-01-19 19:49:38,338 WARNING database DDL Query made to DB:
alter table `tabDocType` add column if not exists migration_hash varchar(140)
2026-01-19 19:49:52,020 WARNING database DDL Query made to DB:
ALTER TABLE `tabPrint Heading` DROP INDEX `print_heading`
2026-01-19 19:50:02,502 WARNING database DDL Query made to DB:
ALTER TABLE `tabPrint Heading` ADD UNIQUE INDEX IF NOT EXISTS print_heading (`print_heading`)
2026-01-19 19:50:10,360 WARNING database DDL Query made to DB:
ALTER TABLE `tabRequisition Request` MODIFY `amount` decimal(21,9) not null default 0
